<?xml version="1.0" encoding="UTF-8"?>
<testsuite xmlns:xsi="http://www.w3.org/2001/XMLSchema-instance" xsi:noNamespaceSchemaLocation="https://maven.apache.org/surefire/maven-surefire-plugin/xsd/surefire-test-report.xsd" version="3.0.2" name="dwf.semana2.pv230210.Pv230210ApplicationTests" time="9.961" tests="1" errors="0" skipped="0" failures="0">
  <properties>
[...]
</properties>
  <testcase name="contextLoads" classname="dwf.semana2.pv230210.Pv230210ApplicationTests" time="2.133">
    <system-out><![CDATA[17:33:54.766 [main] INFO org.springframework.test.context.support.AnnotationConfigContextLoaderUtils -- Could not detect default configuration classes for test class [dwf.semana2.pv230210.Pv230210ApplicationTests]: Pv230210ApplicationTests does not declare any static, non-private, non-final, nested classes annotated with @Configuration.
17:33:55.436 [main] INFO org.springframework.boot.test.context.SpringBootTestContextBootstrapper -- Found @SpringBootConfiguration dwf.semana2.pv230210.Pv230210Application for test class dwf.semana2.pv230210.Pv230210ApplicationTests

  .   ____          _            __ _ _
 /\\ / ___'_ __ _ _(_)_ __  __ _ \ \ \ \
( ( )\___ | '_ | '_| | '_ \/ _` | \ \ \ \
 \\/  ___)| |_)| | | | | || (_| |  ) ) ) )
  '  |____| .__|_| |_|_| |_\__, | / / / /
 =========|_|==============|___/=/_/_/_/

 :: Spring Boot ::                (v3.5.3)

2025-07-10T17:33:57.101-06:00  INFO 14244 --- [pv230210] [           main] d.s.pv230210.Pv230210ApplicationTests    : Starting Pv230210ApplicationTests using Java 19.0.1 with PID 14244 (started by MINEDUCYT in C:\Users\MINEDUCYT\Desktop\DWF\Laboratorio\Semana2\pv230210)
2025-07-10T17:33:57.123-06:00  INFO 14244 --- [pv230210] [           main] d.s.pv230210.Pv230210ApplicationTests    : No active profile set, falling back to 1 default profile: "default"
2025-07-10T17:34:01.869-06:00  INFO 14244 --- [pv230210] [           main] d.s.pv230210.Pv230210ApplicationTests    : Started Pv230210ApplicationTests in 5.774 seconds (process running for 9.524)
]]></system-out>
  </testcase>
</testsuite>